<?xml version="1.0" encoding="UTF-8"?>
<coverage generated="1731321960596" clover="3.2.0">
  <project timestamp="1731321960596" name="All files">
    <metrics statements="161" coveredstatements="156" conditionals="33" coveredconditionals="24" methods="45" coveredmethods="42" elements="239" coveredelements="222" complexity="0" loc="161" ncloc="161" packages="4" files="11" classes="11"/>
    <package name="components">
      <metrics statements="39" coveredstatements="37" conditionals="8" coveredconditionals="8" methods="11" coveredmethods="10"/>
      <file name="FormDialog.tsx" path="C:\Users\gerard\OneDrive\Documents\GM-BI\exams\bamboo-react\src\components\FormDialog.tsx">
        <metrics statements="4" coveredstatements="4" conditionals="2" coveredconditionals="2" methods="1" coveredmethods="1"/>
        <line num="1" count="1" type="stmt"/>
        <line num="22" count="1" type="stmt"/>
        <line num="32" count="28" type="stmt"/>
        <line num="51" count="1" type="stmt"/>
      </file>
      <file name="MorePopOver.tsx" path="C:\Users\gerard\OneDrive\Documents\GM-BI\exams\bamboo-react\src\components\MorePopOver.tsx">
        <metrics statements="15" coveredstatements="15" conditionals="0" coveredconditionals="0" methods="4" coveredmethods="4"/>
        <line num="1" count="1" type="stmt"/>
        <line num="2" count="1" type="stmt"/>
        <line num="3" count="1" type="stmt"/>
        <line num="4" count="1" type="stmt"/>
        <line num="11" count="1" type="stmt"/>
        <line num="12" count="21" type="stmt"/>
        <line num="14" count="21" type="stmt"/>
        <line num="15" count="2" type="stmt"/>
        <line num="18" count="21" type="stmt"/>
        <line num="19" count="1" type="stmt"/>
        <line num="22" count="21" type="stmt"/>
        <line num="24" count="21" type="stmt"/>
        <line num="54" count="1" type="stmt"/>
        <line num="55" count="1" type="stmt"/>
        <line num="72" count="1" type="stmt"/>
      </file>
      <file name="SearchInput.tsx" path="C:\Users\gerard\OneDrive\Documents\GM-BI\exams\bamboo-react\src\components\SearchInput.tsx">
        <metrics statements="20" coveredstatements="18" conditionals="6" coveredconditionals="6" methods="6" coveredmethods="5"/>
        <line num="1" count="1" type="stmt"/>
        <line num="2" count="1" type="stmt"/>
        <line num="3" count="1" type="stmt"/>
        <line num="5" count="1" type="stmt"/>
        <line num="13" count="1" type="stmt"/>
        <line num="19" count="28" type="stmt"/>
        <line num="21" count="28" type="stmt"/>
        <line num="22" count="10" type="stmt"/>
        <line num="23" count="4" type="stmt"/>
        <line num="24" count="4" type="stmt"/>
        <line num="27" count="10" type="stmt"/>
        <line num="29" count="10" type="stmt"/>
        <line num="30" count="10" type="stmt"/>
        <line num="34" count="28" type="stmt"/>
        <line num="35" count="2" type="stmt"/>
        <line num="36" count="2" type="stmt"/>
        <line num="38" count="28" type="stmt"/>
        <line num="63" count="0" type="stmt"/>
        <line num="64" count="0" type="stmt"/>
        <line num="83" count="1" type="stmt"/>
      </file>
    </package>
    <package name="pages.home">
      <metrics statements="106" coveredstatements="103" conditionals="23" coveredconditionals="15" methods="29" coveredmethods="27"/>
      <file name="AddTodoDialog.tsx" path="C:\Users\gerard\OneDrive\Documents\GM-BI\exams\bamboo-react\src\pages\home\AddTodoDialog.tsx">
        <metrics statements="5" coveredstatements="5" conditionals="0" coveredconditionals="0" methods="1" coveredmethods="1"/>
        <line num="1" count="1" type="stmt"/>
        <line num="2" count="1" type="stmt"/>
        <line num="11" count="1" type="stmt"/>
        <line num="18" count="28" type="stmt"/>
        <line num="59" count="1" type="stmt"/>
      </file>
      <file name="EmptyTodos.tsx" path="C:\Users\gerard\OneDrive\Documents\GM-BI\exams\bamboo-react\src\pages\home\EmptyTodos.tsx">
        <metrics statements="5" coveredstatements="5" conditionals="0" coveredconditionals="0" methods="2" coveredmethods="2"/>
        <line num="1" count="1" type="stmt"/>
        <line num="3" count="1" type="stmt"/>
        <line num="4" count="7" type="stmt"/>
        <line num="11" count="7" type="stmt"/>
        <line num="22" count="1" type="stmt"/>
      </file>
      <file name="Home.tsx" path="C:\Users\gerard\OneDrive\Documents\GM-BI\exams\bamboo-react\src\pages\home\Home.tsx">
        <metrics statements="45" coveredstatements="45" conditionals="12" coveredconditionals="9" methods="13" coveredmethods="12"/>
        <line num="1" count="1" type="stmt"/>
        <line num="11" count="1" type="stmt"/>
        <line num="13" count="1" type="stmt"/>
        <line num="14" count="1" type="stmt"/>
        <line num="15" count="1" type="stmt"/>
        <line num="16" count="1" type="stmt"/>
        <line num="18" count="1" type="stmt"/>
        <line num="19" count="1" type="stmt"/>
        <line num="20" count="1" type="stmt"/>
        <line num="25" count="1" type="stmt"/>
        <line num="40" count="1" type="stmt"/>
        <line num="41" count="29" type="stmt"/>
        <line num="42" count="42" type="stmt"/>
        <line num="44" count="29" type="stmt"/>
        <line num="50" count="29" type="stmt"/>
        <line num="51" count="29" type="stmt"/>
        <line num="52" count="29" type="stmt"/>
        <line num="53" count="29" type="stmt"/>
        <line num="54" count="29" type="stmt"/>
        <line num="56" count="29" type="stmt"/>
        <line num="57" count="18" type="cond" truecount="1" falsecount="0"/>
        <line num="58" count="2" type="stmt"/>
        <line num="59" count="2" type="stmt"/>
        <line num="61" count="16" type="cond" truecount="2" falsecount="0"/>
        <line num="63" count="6" type="stmt"/>
        <line num="66" count="29" type="stmt"/>
        <line num="68" count="29" type="stmt"/>
        <line num="71" count="29" type="stmt"/>
        <line num="72" count="2" type="stmt"/>
        <line num="73" count="2" type="cond" truecount="0" falsecount="1"/>
        <line num="74" count="2" type="cond" truecount="0" falsecount="1"/>
        <line num="75" count="2" type="cond" truecount="0" falsecount="1"/>
        <line num="76" count="2" type="stmt"/>
        <line num="77" count="2" type="stmt"/>
        <line num="80" count="29" type="stmt"/>
        <line num="81" count="2" type="cond" truecount="1" falsecount="0"/>
        <line num="82" count="2" type="stmt"/>
        <line num="83" count="2" type="stmt"/>
        <line num="87" count="29" type="stmt"/>
        <line num="88" count="6" type="stmt"/>
        <line num="91" count="29" type="stmt"/>
        <line num="92" count="3" type="stmt"/>
        <line num="95" count="29" type="stmt"/>
        <line num="139" count="87" type="stmt"/>
        <line num="175" count="1" type="stmt"/>
      </file>
      <file name="TodoItem.tsx" path="C:\Users\gerard\OneDrive\Documents\GM-BI\exams\bamboo-react\src\pages\home\TodoItem.tsx">
        <metrics statements="44" coveredstatements="41" conditionals="11" coveredconditionals="6" methods="11" coveredmethods="10"/>
        <line num="1" count="1" type="stmt"/>
        <line num="12" count="1" type="stmt"/>
        <line num="13" count="1" type="stmt"/>
        <line num="14" count="1" type="stmt"/>
        <line num="15" count="1" type="stmt"/>
        <line num="17" count="1" type="stmt"/>
        <line num="32" count="1" type="stmt"/>
        <line num="38" count="1" type="stmt"/>
        <line num="39" count="19" type="stmt"/>
        <line num="41" count="19" type="stmt"/>
        <line num="43" count="19" type="stmt"/>
        <line num="49" count="19" type="stmt"/>
        <line num="50" count="19" type="stmt"/>
        <line num="51" count="19" type="stmt"/>
        <line num="52" count="1" type="stmt"/>
        <line num="54" count="19" type="stmt"/>
        <line num="56" count="19" type="stmt"/>
        <line num="58" count="1" type="stmt"/>
        <line num="59" count="1" type="cond" truecount="0" falsecount="1"/>
        <line num="60" count="0" type="stmt"/>
        <line num="62" count="1" type="cond" truecount="0" falsecount="1"/>
        <line num="63" count="0" type="stmt"/>
        <line num="65" count="1" type="cond" truecount="0" falsecount="1"/>
        <line num="66" count="0" type="stmt"/>
        <line num="68" count="1" type="stmt"/>
        <line num="69" count="1" type="stmt"/>
        <line num="72" count="19" type="stmt"/>
        <line num="73" count="1" type="stmt"/>
        <line num="74" count="1" type="cond" truecount="0" falsecount="1"/>
        <line num="75" count="1" type="stmt"/>
        <line num="76" count="1" type="stmt"/>
        <line num="79" count="19" type="stmt"/>
        <line num="80" count="3" type="stmt"/>
        <line num="83" count="19" type="stmt"/>
        <line num="84" count="1" type="stmt"/>
        <line num="87" count="19" type="stmt"/>
        <line num="90" count="1" type="stmt"/>
        <line num="91" count="1" type="cond" truecount="0" falsecount="1"/>
        <line num="92" count="1" type="stmt"/>
        <line num="93" count="1" type="stmt"/>
        <line num="96" count="19" type="stmt"/>
        <line num="168" count="45" type="stmt"/>
        <line num="169" count="45" type="stmt"/>
        <line num="225" count="1" type="stmt"/>
      </file>
      <file name="Todos.tsx" path="C:\Users\gerard\OneDrive\Documents\GM-BI\exams\bamboo-react\src\pages\home\Todos.tsx">
        <metrics statements="7" coveredstatements="7" conditionals="0" coveredconditionals="0" methods="2" coveredmethods="2"/>
        <line num="1" count="1" type="stmt"/>
        <line num="7" count="1" type="stmt"/>
        <line num="8" count="1" type="stmt"/>
        <line num="10" count="1" type="stmt"/>
        <line num="27" count="15" type="stmt"/>
        <line num="39" count="15" type="stmt"/>
        <line num="45" count="1" type="stmt"/>
      </file>
    </package>
    <package name="store">
      <metrics statements="7" coveredstatements="7" conditionals="0" coveredconditionals="0" methods="0" coveredmethods="0"/>
      <file name="reducers.ts" path="C:\Users\gerard\OneDrive\Documents\GM-BI\exams\bamboo-react\src\store\reducers.ts">
        <metrics statements="3" coveredstatements="3" conditionals="0" coveredconditionals="0" methods="0" coveredmethods="0"/>
        <line num="1" count="1" type="stmt"/>
        <line num="3" count="1" type="stmt"/>
        <line num="7" count="1" type="stmt"/>
      </file>
      <file name="store.ts" path="C:\Users\gerard\OneDrive\Documents\GM-BI\exams\bamboo-react\src\store\store.ts">
        <metrics statements="4" coveredstatements="4" conditionals="0" coveredconditionals="0" methods="0" coveredmethods="0"/>
        <line num="1" count="1" type="stmt"/>
        <line num="2" count="1" type="stmt"/>
        <line num="4" count="1" type="stmt"/>
        <line num="11" count="1" type="stmt"/>
      </file>
    </package>
    <package name="store.slices">
      <metrics statements="9" coveredstatements="9" conditionals="2" coveredconditionals="1" methods="5" coveredmethods="5"/>
      <file name="todoSlice.ts" path="C:\Users\gerard\OneDrive\Documents\GM-BI\exams\bamboo-react\src\store\slices\todoSlice.ts">
        <metrics statements="9" coveredstatements="9" conditionals="2" coveredconditionals="1" methods="5" coveredmethods="5"/>
        <line num="1" count="1" type="stmt"/>
        <line num="4" count="1" type="stmt"/>
        <line num="8" count="1" type="stmt"/>
        <line num="13" count="2" type="stmt"/>
        <line num="19" count="2" type="stmt"/>
        <line num="22" count="2" type="stmt"/>
        <line num="23" count="2" type="cond" truecount="1" falsecount="1"/>
        <line num="29" count="1" type="stmt"/>
        <line num="31" count="1" type="stmt"/>
      </file>
    </package>
  </project>
</coverage>
