{"C:\\Users\\gerard\\OneDrive\\Documents\\GM-BI\\exams\\bamboo-react\\src\\components\\FormDialog.tsx": {"path":"C:\\Users\\gerard\\OneDrive\\Documents\\GM-BI\\exams\\bamboo-react\\src\\components\\FormDialog.tsx","statementMap":{"0":{"start":{"line":1,"column":0},"end":{"line":1,"column":null}},"1":{"start":{"line":22,"column":19},"end":{"line":49,"column":1}},"2":{"start":{"line":32,"column":2},"end":{"line":48,"column":4}},"3":{"start":{"line":51,"column":0},"end":{"line":51,"column":26}}},"fnMap":{"0":{"name":"(anonymous_0)","decl":{"start":{"line":22,"column":19},"end":{"line":22,"column":20}},"loc":{"start":{"line":31,"column":23},"end":{"line":49,"column":1}}}},"branchMap":{"0":{"loc":{"start":{"line":26,"column":2},"end":{"line":26,"column":23}},"type":"default-arg","locations":[{"start":{"line":26,"column":15},"end":{"line":26,"column":23}}]},"1":{"loc":{"start":{"line":27,"column":2},"end":{"line":27,"column":23}},"type":"default-arg","locations":[{"start":{"line":27,"column":15},"end":{"line":27,"column":23}}]}},"s":{"0":1,"1":1,"2":28,"3":1},"f":{"0":28},"b":{"0":[28],"1":[28]}}
,"C:\\Users\\gerard\\OneDrive\\Documents\\GM-BI\\exams\\bamboo-react\\src\\components\\MorePopOver.tsx": {"path":"C:\\Users\\gerard\\OneDrive\\Documents\\GM-BI\\exams\\bamboo-react\\src\\components\\MorePopOver.tsx","statementMap":{"0":{"start":{"line":1,"column":0},"end":{"line":1,"column":40}},"1":{"start":{"line":2,"column":0},"end":{"line":2,"column":44}},"2":{"start":{"line":3,"column":0},"end":{"line":3,"column":56}},"3":{"start":{"line":4,"column":0},"end":{"line":4,"column":61}},"4":{"start":{"line":11,"column":20},"end":{"line":70,"column":1}},"5":{"start":{"line":12,"column":34},"end":{"line":12,"column":68}},"6":{"start":{"line":14,"column":22},"end":{"line":16,"column":3}},"7":{"start":{"line":15,"column":4},"end":{"line":15,"column":37}},"8":{"start":{"line":18,"column":22},"end":{"line":20,"column":3}},"9":{"start":{"line":19,"column":4},"end":{"line":19,"column":22}},"10":{"start":{"line":22,"column":15},"end":{"line":22,"column":32}},"11":{"start":{"line":24,"column":2},"end":{"line":69,"column":4}},"12":{"start":{"line":54,"column":16},"end":{"line":54,"column":30}},"13":{"start":{"line":55,"column":16},"end":{"line":55,"column":29}},"14":{"start":{"line":72,"column":0},"end":{"line":72,"column":27}}},"fnMap":{"0":{"name":"(anonymous_1)","decl":{"start":{"line":11,"column":20},"end":{"line":11,"column":21}},"loc":{"start":{"line":11,"column":71},"end":{"line":70,"column":1}}},"1":{"name":"(anonymous_2)","decl":{"start":{"line":14,"column":22},"end":{"line":14,"column":23}},"loc":{"start":{"line":14,"column":63},"end":{"line":16,"column":3}}},"2":{"name":"(anonymous_3)","decl":{"start":{"line":18,"column":22},"end":{"line":18,"column":25}},"loc":{"start":{"line":18,"column":27},"end":{"line":20,"column":3}}},"3":{"name":"(anonymous_4)","decl":{"start":{"line":53,"column":23},"end":{"line":53,"column":26}},"loc":{"start":{"line":53,"column":28},"end":{"line":56,"column":15}}}},"branchMap":{},"s":{"0":1,"1":1,"2":1,"3":1,"4":1,"5":21,"6":21,"7":2,"8":21,"9":1,"10":21,"11":21,"12":1,"13":1,"14":1},"f":{"0":21,"1":2,"2":1,"3":1},"b":{}}
,"C:\\Users\\gerard\\OneDrive\\Documents\\GM-BI\\exams\\bamboo-react\\src\\components\\SearchInput.tsx": {"path":"C:\\Users\\gerard\\OneDrive\\Documents\\GM-BI\\exams\\bamboo-react\\src\\components\\SearchInput.tsx","statementMap":{"0":{"start":{"line":1,"column":0},"end":{"line":1,"column":44}},"1":{"start":{"line":2,"column":0},"end":{"line":2,"column":63}},"2":{"start":{"line":3,"column":0},"end":{"line":3,"column":44}},"3":{"start":{"line":5,"column":0},"end":{"line":5,"column":34}},"4":{"start":{"line":13,"column":20},"end":{"line":81,"column":1}},"5":{"start":{"line":19,"column":30},"end":{"line":19,"column":42}},"6":{"start":{"line":21,"column":2},"end":{"line":32,"column":40}},"7":{"start":{"line":22,"column":28},"end":{"line":25,"column":11}},"8":{"start":{"line":23,"column":6},"end":{"line":23,"column":26}},"9":{"start":{"line":24,"column":6},"end":{"line":24,"column":23}},"10":{"start":{"line":27,"column":4},"end":{"line":27,"column":28}},"11":{"start":{"line":29,"column":4},"end":{"line":31,"column":6}},"12":{"start":{"line":30,"column":6},"end":{"line":30,"column":31}},"13":{"start":{"line":34,"column":23},"end":{"line":37,"column":3}},"14":{"start":{"line":35,"column":4},"end":{"line":35,"column":23}},"15":{"start":{"line":36,"column":4},"end":{"line":36,"column":30}},"16":{"start":{"line":38,"column":2},"end":{"line":80,"column":4}},"17":{"start":{"line":63,"column":20},"end":{"line":63,"column":34}},"18":{"start":{"line":64,"column":20},"end":{"line":64,"column":34}},"19":{"start":{"line":83,"column":0},"end":{"line":83,"column":27}}},"fnMap":{"0":{"name":"(anonymous_0)","decl":{"start":{"line":13,"column":20},"end":{"line":13,"column":21}},"loc":{"start":{"line":18,"column":23},"end":{"line":81,"column":1}}},"1":{"name":"(anonymous_1)","decl":{"start":{"line":21,"column":12},"end":{"line":21,"column":15}},"loc":{"start":{"line":21,"column":17},"end":{"line":32,"column":3}}},"2":{"name":"(anonymous_2)","decl":{"start":{"line":22,"column":37},"end":{"line":22,"column":38}},"loc":{"start":{"line":22,"column":55},"end":{"line":25,"column":5}}},"3":{"name":"(anonymous_3)","decl":{"start":{"line":29,"column":11},"end":{"line":29,"column":14}},"loc":{"start":{"line":29,"column":16},"end":{"line":31,"column":5}}},"4":{"name":"(anonymous_4)","decl":{"start":{"line":34,"column":23},"end":{"line":34,"column":24}},"loc":{"start":{"line":34,"column":66},"end":{"line":37,"column":3}}},"5":{"name":"(anonymous_5)","decl":{"start":{"line":62,"column":27},"end":{"line":62,"column":30}},"loc":{"start":{"line":62,"column":32},"end":{"line":65,"column":19}}}},"branchMap":{"0":{"loc":{"start":{"line":51,"column":26},"end":{"line":68,"column":20}},"type":"cond-expr","locations":[{"start":{"line":52,"column":14},"end":{"line":66,"column":null}},{"start":{"line":68,"column":16},"end":{"line":68,"column":20}}]},"1":{"loc":{"start":{"line":72,"column":10},"end":{"line":76,"column":16}},"type":"cond-expr","locations":[{"start":{"line":73,"column":14},"end":{"line":73,"column":28}},{"start":{"line":74,"column":14},"end":{"line":76,"column":16}}]},"2":{"loc":{"start":{"line":74,"column":14},"end":{"line":76,"column":16}},"type":"cond-expr","locations":[{"start":{"line":75,"column":14},"end":{"line":75,"column":53}},{"start":{"line":76,"column":14},"end":{"line":76,"column":16}}]}},"s":{"0":1,"1":1,"2":1,"3":1,"4":1,"5":28,"6":28,"7":10,"8":4,"9":4,"10":10,"11":10,"12":10,"13":28,"14":2,"15":2,"16":28,"17":0,"18":0,"19":1},"f":{"0":28,"1":10,"2":4,"3":10,"4":2,"5":0},"b":{"0":[4,24],"1":[2,26],"2":[9,17]}}
,"C:\\Users\\gerard\\OneDrive\\Documents\\GM-BI\\exams\\bamboo-react\\src\\pages\\home\\AddTodoDialog.tsx": {"path":"C:\\Users\\gerard\\OneDrive\\Documents\\GM-BI\\exams\\bamboo-react\\src\\pages\\home\\AddTodoDialog.tsx","statementMap":{"0":{"start":{"line":1,"column":0},"end":{"line":1,"column":42}},"1":{"start":{"line":2,"column":0},"end":{"line":2,"column":53}},"2":{"start":{"line":11,"column":22},"end":{"line":57,"column":1}},"3":{"start":{"line":18,"column":2},"end":{"line":56,"column":4}},"4":{"start":{"line":59,"column":0},"end":{"line":59,"column":29}}},"fnMap":{"0":{"name":"(anonymous_1)","decl":{"start":{"line":11,"column":22},"end":{"line":11,"column":23}},"loc":{"start":{"line":17,"column":25},"end":{"line":57,"column":1}}}},"branchMap":{},"s":{"0":1,"1":1,"2":1,"3":28,"4":1},"f":{"0":28},"b":{}}
,"C:\\Users\\gerard\\OneDrive\\Documents\\GM-BI\\exams\\bamboo-react\\src\\pages\\home\\EmptyTodos.tsx": {"path":"C:\\Users\\gerard\\OneDrive\\Documents\\GM-BI\\exams\\bamboo-react\\src\\pages\\home\\EmptyTodos.tsx","statementMap":{"0":{"start":{"line":1,"column":0},"end":{"line":1,"column":56}},"1":{"start":{"line":3,"column":19},"end":{"line":20,"column":1}},"2":{"start":{"line":4,"column":2},"end":{"line":19,"column":4}},"3":{"start":{"line":11,"column":27},"end":{"line":11,"column":69}},"4":{"start":{"line":22,"column":0},"end":{"line":22,"column":26}}},"fnMap":{"0":{"name":"(anonymous_0)","decl":{"start":{"line":3,"column":19},"end":{"line":3,"column":20}},"loc":{"start":{"line":3,"column":66},"end":{"line":20,"column":1}}},"1":{"name":"(anonymous_1)","decl":{"start":{"line":11,"column":16},"end":{"line":11,"column":17}},"loc":{"start":{"line":11,"column":27},"end":{"line":11,"column":69}}}},"branchMap":{},"s":{"0":1,"1":1,"2":7,"3":7,"4":1},"f":{"0":7,"1":7},"b":{}}
,"C:\\Users\\gerard\\OneDrive\\Documents\\GM-BI\\exams\\bamboo-react\\src\\pages\\home\\Home.tsx": {"path":"C:\\Users\\gerard\\OneDrive\\Documents\\GM-BI\\exams\\bamboo-react\\src\\pages\\home\\Home.tsx","statementMap":{"0":{"start":{"line":1,"column":0},"end":{"line":1,"column":null}},"1":{"start":{"line":11,"column":0},"end":{"line":11,"column":55}},"2":{"start":{"line":13,"column":0},"end":{"line":13,"column":38}},"3":{"start":{"line":14,"column":0},"end":{"line":14,"column":44}},"4":{"start":{"line":15,"column":0},"end":{"line":15,"column":61}},"5":{"start":{"line":16,"column":0},"end":{"line":16,"column":55}},"6":{"start":{"line":18,"column":0},"end":{"line":18,"column":28}},"7":{"start":{"line":19,"column":0},"end":{"line":19,"column":55}},"8":{"start":{"line":20,"column":0},"end":{"line":20,"column":42}},"9":{"start":{"line":25,"column":17},"end":{"line":38,"column":2}},"10":{"start":{"line":40,"column":13},"end":{"line":173,"column":2}},"11":{"start":{"line":41,"column":19},"end":{"line":41,"column":32}},"12":{"start":{"line":42,"column":23},"end":{"line":42,"column":74}},"13":{"start":{"line":42,"column":57},"end":{"line":42,"column":73}},"14":{"start":{"line":44,"column":36},"end":{"line":49,"column":4}},"15":{"start":{"line":50,"column":30},"end":{"line":50,"column":42}},"16":{"start":{"line":51,"column":38},"end":{"line":51,"column":53}},"17":{"start":{"line":52,"column":32},"end":{"line":52,"column":56}},"18":{"start":{"line":53,"column":30},"end":{"line":53,"column":42}},"19":{"start":{"line":54,"column":30},"end":{"line":54,"column":57}},"20":{"start":{"line":56,"column":16},"end":{"line":64,"column":36}},"21":{"start":{"line":57,"column":4},"end":{"line":60,"column":5}},"22":{"start":{"line":58,"column":20},"end":{"line":58,"column":65}},"23":{"start":{"line":59,"column":6},"end":{"line":59,"column":67}},"24":{"start":{"line":59,"column":43},"end":{"line":59,"column":65}},"25":{"start":{"line":61,"column":4},"end":{"line":63,"column":62}},"26":{"start":{"line":63,"column":38},"end":{"line":63,"column":60}},"27":{"start":{"line":66,"column":21},"end":{"line":66,"column":46}},"28":{"start":{"line":66,"column":27},"end":{"line":66,"column":46}},"29":{"start":{"line":68,"column":22},"end":{"line":68,"column":48}},"30":{"start":{"line":68,"column":28},"end":{"line":68,"column":48}},"31":{"start":{"line":71,"column":23},"end":{"line":78,"column":17}},"32":{"start":{"line":72,"column":43},"end":{"line":72,"column":45}},"33":{"start":{"line":73,"column":4},"end":{"line":73,"column":61}},"34":{"start":{"line":73,"column":26},"end":{"line":73,"column":61}},"35":{"start":{"line":74,"column":4},"end":{"line":74,"column":79}},"36":{"start":{"line":74,"column":32},"end":{"line":74,"column":79}},"37":{"start":{"line":75,"column":4},"end":{"line":75,"column":68}},"38":{"start":{"line":75,"column":28},"end":{"line":75,"column":68}},"39":{"start":{"line":76,"column":4},"end":{"line":76,"column":22}},"40":{"start":{"line":77,"column":4},"end":{"line":77,"column":44}},"41":{"start":{"line":80,"column":23},"end":{"line":85,"column":41}},"42":{"start":{"line":81,"column":4},"end":{"line":84,"column":5}},"43":{"start":{"line":82,"column":6},"end":{"line":82,"column":35}},"44":{"start":{"line":83,"column":6},"end":{"line":83,"column":27}},"45":{"start":{"line":87,"column":28},"end":{"line":89,"column":3}},"46":{"start":{"line":88,"column":4},"end":{"line":88,"column":75}},"47":{"start":{"line":88,"column":28},"end":{"line":88,"column":72}},"48":{"start":{"line":91,"column":35},"end":{"line":93,"column":3}},"49":{"start":{"line":92,"column":4},"end":{"line":92,"column":48}},"50":{"start":{"line":95,"column":2},"end":{"line":172,"column":4}},"51":{"start":{"line":139,"column":12},"end":{"line":140,"column":null}},"52":{"start":{"line":175,"column":0},"end":{"line":175,"column":20}}},"fnMap":{"0":{"name":"(anonymous_1)","decl":{"start":{"line":40,"column":18},"end":{"line":40,"column":21}},"loc":{"start":{"line":40,"column":23},"end":{"line":173,"column":1}}},"1":{"name":"(anonymous_2)","decl":{"start":{"line":42,"column":35},"end":{"line":42,"column":36}},"loc":{"start":{"line":42,"column":57},"end":{"line":42,"column":73}}},"2":{"name":"(anonymous_3)","decl":{"start":{"line":56,"column":24},"end":{"line":56,"column":27}},"loc":{"start":{"line":56,"column":29},"end":{"line":64,"column":3}}},"3":{"name":"(anonymous_4)","decl":{"start":{"line":59,"column":33},"end":{"line":59,"column":34}},"loc":{"start":{"line":59,"column":43},"end":{"line":59,"column":65}}},"4":{"name":"(anonymous_5)","decl":{"start":{"line":63,"column":28},"end":{"line":63,"column":29}},"loc":{"start":{"line":63,"column":38},"end":{"line":63,"column":60}}},"5":{"name":"(anonymous_6)","decl":{"start":{"line":66,"column":21},"end":{"line":66,"column":24}},"loc":{"start":{"line":66,"column":27},"end":{"line":66,"column":46}}},"6":{"name":"(anonymous_7)","decl":{"start":{"line":68,"column":22},"end":{"line":68,"column":25}},"loc":{"start":{"line":68,"column":28},"end":{"line":68,"column":48}}},"7":{"name":"(anonymous_8)","decl":{"start":{"line":71,"column":35},"end":{"line":71,"column":38}},"loc":{"start":{"line":71,"column":40},"end":{"line":78,"column":3}}},"8":{"name":"(anonymous_9)","decl":{"start":{"line":80,"column":35},"end":{"line":80,"column":38}},"loc":{"start":{"line":80,"column":40},"end":{"line":85,"column":3}}},"9":{"name":"(anonymous_10)","decl":{"start":{"line":87,"column":28},"end":{"line":87,"column":29}},"loc":{"start":{"line":87,"column":71},"end":{"line":89,"column":3}}},"10":{"name":"(anonymous_11)","decl":{"start":{"line":88,"column":17},"end":{"line":88,"column":18}},"loc":{"start":{"line":88,"column":28},"end":{"line":88,"column":72}}},"11":{"name":"(anonymous_12)","decl":{"start":{"line":91,"column":35},"end":{"line":91,"column":36}},"loc":{"start":{"line":91,"column":76},"end":{"line":93,"column":3}}},"12":{"name":"(anonymous_13)","decl":{"start":{"line":138,"column":24},"end":{"line":138,"column":25}},"loc":{"start":{"line":139,"column":12},"end":{"line":140,"column":null}}}},"branchMap":{"0":{"loc":{"start":{"line":57,"column":4},"end":{"line":60,"column":5}},"type":"if","locations":[{"start":{"line":57,"column":4},"end":{"line":60,"column":5}}]},"1":{"loc":{"start":{"line":61,"column":11},"end":{"line":63,"column":61}},"type":"cond-expr","locations":[{"start":{"line":62,"column":8},"end":{"line":62,"column":20}},{"start":{"line":63,"column":8},"end":{"line":63,"column":61}}]},"2":{"loc":{"start":{"line":73,"column":4},"end":{"line":73,"column":61}},"type":"if","locations":[{"start":{"line":73,"column":4},"end":{"line":73,"column":61}}]},"3":{"loc":{"start":{"line":74,"column":4},"end":{"line":74,"column":79}},"type":"if","locations":[{"start":{"line":74,"column":4},"end":{"line":74,"column":79}}]},"4":{"loc":{"start":{"line":75,"column":4},"end":{"line":75,"column":68}},"type":"if","locations":[{"start":{"line":75,"column":4},"end":{"line":75,"column":68}}]},"5":{"loc":{"start":{"line":81,"column":4},"end":{"line":84,"column":5}},"type":"if","locations":[{"start":{"line":81,"column":4},"end":{"line":84,"column":5}}]},"6":{"loc":{"start":{"line":156,"column":9},"end":{"line":159,"column":null}},"type":"cond-expr","locations":[{"start":{"line":157,"column":10},"end":{"line":157,"column":48}},{"start":{"line":159,"column":10},"end":{"line":159,"column":33}}]},"7":{"loc":{"start":{"line":156,"column":9},"end":{"line":156,"column":58}},"type":"binary-expr","locations":[{"start":{"line":156,"column":9},"end":{"line":156,"column":27}},{"start":{"line":156,"column":31},"end":{"line":156,"column":38}},{"start":{"line":156,"column":42},"end":{"line":156,"column":58}}]}},"s":{"0":1,"1":1,"2":1,"3":1,"4":1,"5":1,"6":1,"7":1,"8":1,"9":1,"10":1,"11":29,"12":29,"13":42,"14":29,"15":29,"16":29,"17":29,"18":29,"19":29,"20":29,"21":18,"22":2,"23":2,"24":2,"25":16,"26":6,"27":29,"28":2,"29":29,"30":0,"31":29,"32":2,"33":2,"34":0,"35":2,"36":0,"37":2,"38":0,"39":2,"40":2,"41":29,"42":2,"43":2,"44":2,"45":29,"46":6,"47":6,"48":29,"49":3,"50":29,"51":87,"52":1},"f":{"0":29,"1":42,"2":18,"3":2,"4":6,"5":2,"6":0,"7":2,"8":2,"9":6,"10":6,"11":3,"12":87},"b":{"0":[2],"1":[13,3],"2":[0],"3":[0],"4":[0],"5":[2],"6":[7,22],"7":[29,10,8]}}
,"C:\\Users\\gerard\\OneDrive\\Documents\\GM-BI\\exams\\bamboo-react\\src\\pages\\home\\TodoItem.tsx": {"path":"C:\\Users\\gerard\\OneDrive\\Documents\\GM-BI\\exams\\bamboo-react\\src\\pages\\home\\TodoItem.tsx","statementMap":{"0":{"start":{"line":1,"column":0},"end":{"line":1,"column":null}},"1":{"start":{"line":12,"column":0},"end":{"line":12,"column":42}},"2":{"start":{"line":13,"column":0},"end":{"line":13,"column":33}},"3":{"start":{"line":14,"column":0},"end":{"line":14,"column":55}},"4":{"start":{"line":15,"column":0},"end":{"line":15,"column":68}},"5":{"start":{"line":17,"column":17},"end":{"line":30,"column":2}},"6":{"start":{"line":32,"column":21},"end":{"line":36,"column":2}},"7":{"start":{"line":38,"column":17},"end":{"line":223,"column":1}},"8":{"start":{"line":39,"column":54},"end":{"line":39,"column":59}},"9":{"start":{"line":41,"column":19},"end":{"line":41,"column":32}},"10":{"start":{"line":43,"column":36},"end":{"line":48,"column":4}},"11":{"start":{"line":49,"column":36},"end":{"line":49,"column":51}},"12":{"start":{"line":50,"column":30},"end":{"line":50,"column":52}},"13":{"start":{"line":51,"column":21},"end":{"line":53,"column":3}},"14":{"start":{"line":52,"column":4},"end":{"line":52,"column":23}},"15":{"start":{"line":54,"column":21},"end":{"line":54,"column":46}},"16":{"start":{"line":54,"column":27},"end":{"line":54,"column":46}},"17":{"start":{"line":56,"column":23},"end":{"line":70,"column":3}},"18":{"start":{"line":58,"column":24},"end":{"line":58,"column":26}},"19":{"start":{"line":59,"column":4},"end":{"line":61,"column":5}},"20":{"start":{"line":60,"column":6},"end":{"line":60,"column":41}},"21":{"start":{"line":62,"column":4},"end":{"line":64,"column":5}},"22":{"start":{"line":63,"column":6},"end":{"line":63,"column":53}},"23":{"start":{"line":65,"column":4},"end":{"line":67,"column":5}},"24":{"start":{"line":66,"column":6},"end":{"line":66,"column":46}},"25":{"start":{"line":68,"column":4},"end":{"line":68,"column":22}},"26":{"start":{"line":69,"column":4},"end":{"line":69,"column":44}},"27":{"start":{"line":72,"column":23},"end":{"line":77,"column":3}},"28":{"start":{"line":73,"column":4},"end":{"line":73,"column":28}},"29":{"start":{"line":74,"column":4},"end":{"line":74,"column":32}},"30":{"start":{"line":74,"column":25},"end":{"line":74,"column":32}},"31":{"start":{"line":75,"column":4},"end":{"line":75,"column":45}},"32":{"start":{"line":76,"column":4},"end":{"line":76,"column":24}},"33":{"start":{"line":79,"column":28},"end":{"line":81,"column":3}},"34":{"start":{"line":80,"column":4},"end":{"line":80,"column":75}},"35":{"start":{"line":80,"column":28},"end":{"line":80,"column":72}},"36":{"start":{"line":83,"column":23},"end":{"line":85,"column":3}},"37":{"start":{"line":84,"column":4},"end":{"line":84,"column":30}},"38":{"start":{"line":87,"column":29},"end":{"line":94,"column":3}},"39":{"start":{"line":90,"column":18},"end":{"line":90,"column":61}},"40":{"start":{"line":91,"column":4},"end":{"line":91,"column":55}},"41":{"start":{"line":91,"column":48},"end":{"line":91,"column":55}},"42":{"start":{"line":92,"column":4},"end":{"line":92,"column":57}},"43":{"start":{"line":92,"column":28},"end":{"line":92,"column":54}},"44":{"start":{"line":93,"column":4},"end":{"line":93,"column":60}},"45":{"start":{"line":96,"column":2},"end":{"line":222,"column":4}},"46":{"start":{"line":168,"column":29},"end":{"line":168,"column":70}},"47":{"start":{"line":169,"column":16},"end":{"line":180,"column":18}},"48":{"start":{"line":225,"column":0},"end":{"line":225,"column":24}}},"fnMap":{"0":{"name":"(anonymous_1)","decl":{"start":{"line":38,"column":17},"end":{"line":38,"column":18}},"loc":{"start":{"line":38,"column":34},"end":{"line":223,"column":1}}},"1":{"name":"(anonymous_2)","decl":{"start":{"line":51,"column":21},"end":{"line":51,"column":24}},"loc":{"start":{"line":51,"column":26},"end":{"line":53,"column":3}}},"2":{"name":"(anonymous_3)","decl":{"start":{"line":54,"column":21},"end":{"line":54,"column":24}},"loc":{"start":{"line":54,"column":27},"end":{"line":54,"column":46}}},"3":{"name":"(anonymous_4)","decl":{"start":{"line":56,"column":23},"end":{"line":56,"column":26}},"loc":{"start":{"line":56,"column":28},"end":{"line":70,"column":3}}},"4":{"name":"(anonymous_5)","decl":{"start":{"line":72,"column":23},"end":{"line":72,"column":26}},"loc":{"start":{"line":72,"column":28},"end":{"line":77,"column":3}}},"5":{"name":"(anonymous_6)","decl":{"start":{"line":79,"column":28},"end":{"line":79,"column":29}},"loc":{"start":{"line":79,"column":71},"end":{"line":81,"column":3}}},"6":{"name":"(anonymous_7)","decl":{"start":{"line":80,"column":17},"end":{"line":80,"column":18}},"loc":{"start":{"line":80,"column":28},"end":{"line":80,"column":72}}},"7":{"name":"(anonymous_8)","decl":{"start":{"line":83,"column":23},"end":{"line":83,"column":26}},"loc":{"start":{"line":83,"column":28},"end":{"line":85,"column":3}}},"8":{"name":"(anonymous_9)","decl":{"start":{"line":87,"column":29},"end":{"line":87,"column":null}},"loc":{"start":{"line":89,"column":6},"end":{"line":94,"column":3}}},"9":{"name":"(anonymous_10)","decl":{"start":{"line":92,"column":17},"end":{"line":92,"column":18}},"loc":{"start":{"line":92,"column":28},"end":{"line":92,"column":54}}},"10":{"name":"(anonymous_11)","decl":{"start":{"line":167,"column":41},"end":{"line":167,"column":42}},"loc":{"start":{"line":167,"column":52},"end":{"line":181,"column":15}}}},"branchMap":{"0":{"loc":{"start":{"line":59,"column":4},"end":{"line":61,"column":5}},"type":"if","locations":[{"start":{"line":59,"column":4},"end":{"line":61,"column":5}}]},"1":{"loc":{"start":{"line":62,"column":4},"end":{"line":64,"column":5}},"type":"if","locations":[{"start":{"line":62,"column":4},"end":{"line":64,"column":5}}]},"2":{"loc":{"start":{"line":65,"column":4},"end":{"line":67,"column":5}},"type":"if","locations":[{"start":{"line":65,"column":4},"end":{"line":67,"column":5}}]},"3":{"loc":{"start":{"line":74,"column":4},"end":{"line":74,"column":32}},"type":"if","locations":[{"start":{"line":74,"column":4},"end":{"line":74,"column":32}}]},"4":{"loc":{"start":{"line":91,"column":4},"end":{"line":91,"column":55}},"type":"if","locations":[{"start":{"line":91,"column":4},"end":{"line":91,"column":55}}]},"5":{"loc":{"start":{"line":115,"column":11},"end":{"line":128,"column":null}},"type":"cond-expr","locations":[{"start":{"line":116,"column":12},"end":{"line":123,"column":null}},{"start":{"line":126,"column":12},"end":{"line":127,"column":null}}]},"6":{"loc":{"start":{"line":140,"column":11},"end":{"line":182,"column":null}},"type":"cond-expr","locations":[{"start":{"line":141,"column":12},"end":{"line":153,"column":null}},{"start":{"line":156,"column":12},"end":{"line":181,"column":null}}]},"7":{"loc":{"start":{"line":188,"column":7},"end":{"line":219,"column":null}},"type":"cond-expr","locations":[{"start":{"line":189,"column":8},"end":{"line":213,"column":null}},{"start":{"line":216,"column":8},"end":{"line":218,"column":null}}]}},"s":{"0":1,"1":1,"2":1,"3":1,"4":1,"5":1,"6":1,"7":1,"8":19,"9":19,"10":19,"11":19,"12":19,"13":19,"14":1,"15":19,"16":0,"17":19,"18":1,"19":1,"20":0,"21":1,"22":0,"23":1,"24":0,"25":1,"26":1,"27":19,"28":1,"29":1,"30":0,"31":1,"32":1,"33":19,"34":3,"35":3,"36":19,"37":1,"38":19,"39":1,"40":1,"41":0,"42":1,"43":1,"44":1,"45":19,"46":45,"47":45,"48":1},"f":{"0":19,"1":1,"2":0,"3":1,"4":1,"5":3,"6":3,"7":1,"8":1,"9":1,"10":45},"b":{"0":[0],"1":[0],"2":[0],"3":[0],"4":[0],"5":[4,15],"6":[4,15],"7":[4,15]}}
,"C:\\Users\\gerard\\OneDrive\\Documents\\GM-BI\\exams\\bamboo-react\\src\\pages\\home\\Todos.tsx": {"path":"C:\\Users\\gerard\\OneDrive\\Documents\\GM-BI\\exams\\bamboo-react\\src\\pages\\home\\Todos.tsx","statementMap":{"0":{"start":{"line":1,"column":0},"end":{"line":1,"column":34}},"1":{"start":{"line":7,"column":0},"end":{"line":7,"column":29}},"2":{"start":{"line":8,"column":0},"end":{"line":8,"column":38}},"3":{"start":{"line":10,"column":14},"end":{"line":43,"column":2}},"4":{"start":{"line":27,"column":2},"end":{"line":42,"column":4}},"5":{"start":{"line":39,"column":8},"end":{"line":39,"column":36}},"6":{"start":{"line":45,"column":0},"end":{"line":45,"column":21}}},"fnMap":{"0":{"name":"(anonymous_1)","decl":{"start":{"line":10,"column":19},"end":{"line":10,"column":20}},"loc":{"start":{"line":10,"column":53},"end":{"line":43,"column":1}}},"1":{"name":"(anonymous_2)","decl":{"start":{"line":38,"column":17},"end":{"line":38,"column":18}},"loc":{"start":{"line":39,"column":8},"end":{"line":39,"column":36}}}},"branchMap":{},"s":{"0":1,"1":1,"2":1,"3":1,"4":15,"5":15,"6":1},"f":{"0":15,"1":15},"b":{}}
,"C:\\Users\\gerard\\OneDrive\\Documents\\GM-BI\\exams\\bamboo-react\\src\\store\\reducers.ts": {"path":"C:\\Users\\gerard\\OneDrive\\Documents\\GM-BI\\exams\\bamboo-react\\src\\store\\reducers.ts","statementMap":{"0":{"start":{"line":1,"column":0},"end":{"line":1,"column":43}},"1":{"start":{"line":3,"column":17},"end":{"line":5,"column":2}},"2":{"start":{"line":7,"column":0},"end":{"line":7,"column":24}}},"fnMap":{},"branchMap":{},"s":{"0":1,"1":1,"2":1},"f":{},"b":{}}
,"C:\\Users\\gerard\\OneDrive\\Documents\\GM-BI\\exams\\bamboo-react\\src\\store\\store.ts": {"path":"C:\\Users\\gerard\\OneDrive\\Documents\\GM-BI\\exams\\bamboo-react\\src\\store\\store.ts","statementMap":{"0":{"start":{"line":1,"column":0},"end":{"line":1,"column":50}},"1":{"start":{"line":2,"column":0},"end":{"line":2,"column":34}},"2":{"start":{"line":4,"column":14},"end":{"line":6,"column":2}},"3":{"start":{"line":11,"column":0},"end":{"line":11,"column":21}}},"fnMap":{},"branchMap":{},"s":{"0":1,"1":1,"2":1,"3":1},"f":{},"b":{}}
,"C:\\Users\\gerard\\OneDrive\\Documents\\GM-BI\\exams\\bamboo-react\\src\\store\\slices\\todoSlice.ts": {"path":"C:\\Users\\gerard\\OneDrive\\Documents\\GM-BI\\exams\\bamboo-react\\src\\store\\slices\\todoSlice.ts","statementMap":{"0":{"start":{"line":1,"column":0},"end":{"line":1,"column":62}},"1":{"start":{"line":4,"column":33},"end":{"line":6,"column":2}},"2":{"start":{"line":8,"column":18},"end":{"line":27,"column":2}},"3":{"start":{"line":13,"column":6},"end":{"line":16,"column":9}},"4":{"start":{"line":19,"column":6},"end":{"line":19,"column":77}},"5":{"start":{"line":19,"column":49},"end":{"line":19,"column":75}},"6":{"start":{"line":22,"column":6},"end":{"line":24,"column":8}},"7":{"start":{"line":23,"column":8},"end":{"line":23,"column":61}},"8":{"start":{"line":29,"column":13},"end":{"line":29,"column":49}},"9":{"start":{"line":31,"column":0},"end":{"line":31,"column":25}}},"fnMap":{"0":{"name":"(anonymous_0)","decl":{"start":{"line":12,"column":13},"end":{"line":12,"column":14}},"loc":{"start":{"line":12,"column":53},"end":{"line":17,"column":5}}},"1":{"name":"(anonymous_1)","decl":{"start":{"line":18,"column":16},"end":{"line":18,"column":17}},"loc":{"start":{"line":18,"column":57},"end":{"line":20,"column":5}}},"2":{"name":"(anonymous_2)","decl":{"start":{"line":19,"column":39},"end":{"line":19,"column":40}},"loc":{"start":{"line":19,"column":49},"end":{"line":19,"column":75}}},"3":{"name":"(anonymous_3)","decl":{"start":{"line":21,"column":14},"end":{"line":21,"column":15}},"loc":{"start":{"line":21,"column":54},"end":{"line":25,"column":5}}},"4":{"name":"(anonymous_4)","decl":{"start":{"line":22,"column":36},"end":{"line":22,"column":37}},"loc":{"start":{"line":23,"column":8},"end":{"line":23,"column":61}}}},"branchMap":{"0":{"loc":{"start":{"line":23,"column":8},"end":{"line":23,"column":61}},"type":"cond-expr","locations":[{"start":{"line":23,"column":40},"end":{"line":23,"column":54}},{"start":{"line":23,"column":57},"end":{"line":23,"column":61}}]}},"s":{"0":1,"1":1,"2":1,"3":2,"4":1,"5":2,"6":2,"7":2,"8":1,"9":1},"f":{"0":2,"1":1,"2":2,"3":2,"4":2},"b":{"0":[2,0]}}
}
