TN:
SF:src\components\FormDialog.tsx
FN:22,(anonymous_0)
FNF:1
FNH:1
FNDA:28,(anonymous_0)
DA:1,1
DA:22,1
DA:32,28
DA:51,1
LF:4
LH:4
BRDA:26,0,0,28
BRDA:27,1,0,28
BRF:2
BRH:2
end_of_record
TN:
SF:src\components\MorePopOver.tsx
FN:11,(anonymous_1)
FN:14,(anonymous_2)
FN:18,(anonymous_3)
FN:53,(anonymous_4)
FNF:4
FNH:4
FNDA:21,(anonymous_1)
FNDA:2,(anonymous_2)
FNDA:1,(anonymous_3)
FNDA:1,(anonymous_4)
DA:1,1
DA:2,1
DA:3,1
DA:4,1
DA:11,1
DA:12,21
DA:14,21
DA:15,2
DA:18,21
DA:19,1
DA:22,21
DA:24,21
DA:54,1
DA:55,1
DA:72,1
LF:15
LH:15
BRF:0
BRH:0
end_of_record
TN:
SF:src\components\SearchInput.tsx
FN:13,(anonymous_0)
FN:21,(anonymous_1)
FN:22,(anonymous_2)
FN:29,(anonymous_3)
FN:34,(anonymous_4)
FN:62,(anonymous_5)
FNF:6
FNH:5
FNDA:28,(anonymous_0)
FNDA:10,(anonymous_1)
FNDA:4,(anonymous_2)
FNDA:10,(anonymous_3)
FNDA:2,(anonymous_4)
FNDA:0,(anonymous_5)
DA:1,1
DA:2,1
DA:3,1
DA:5,1
DA:13,1
DA:19,28
DA:21,28
DA:22,10
DA:23,4
DA:24,4
DA:27,10
DA:29,10
DA:30,10
DA:34,28
DA:35,2
DA:36,2
DA:38,28
DA:63,0
DA:64,0
DA:83,1
LF:20
LH:18
BRDA:51,0,0,4
BRDA:51,0,1,24
BRDA:72,1,0,2
BRDA:72,1,1,26
BRDA:74,2,0,9
BRDA:74,2,1,17
BRF:6
BRH:6
end_of_record
TN:
SF:src\pages\home\AddTodoDialog.tsx
FN:11,(anonymous_1)
FNF:1
FNH:1
FNDA:28,(anonymous_1)
DA:1,1
DA:2,1
DA:11,1
DA:18,28
DA:59,1
LF:5
LH:5
BRF:0
BRH:0
end_of_record
TN:
SF:src\pages\home\EmptyTodos.tsx
FN:3,(anonymous_0)
FN:11,(anonymous_1)
FNF:2
FNH:2
FNDA:7,(anonymous_0)
FNDA:7,(anonymous_1)
DA:1,1
DA:3,1
DA:4,7
DA:11,7
DA:22,1
LF:5
LH:5
BRF:0
BRH:0
end_of_record
TN:
SF:src\pages\home\Home.tsx
FN:40,(anonymous_1)
FN:42,(anonymous_2)
FN:56,(anonymous_3)
FN:59,(anonymous_4)
FN:63,(anonymous_5)
FN:66,(anonymous_6)
FN:68,(anonymous_7)
FN:71,(anonymous_8)
FN:80,(anonymous_9)
FN:87,(anonymous_10)
FN:88,(anonymous_11)
FN:91,(anonymous_12)
FN:138,(anonymous_13)
FNF:13
FNH:12
FNDA:29,(anonymous_1)
FNDA:42,(anonymous_2)
FNDA:18,(anonymous_3)
FNDA:2,(anonymous_4)
FNDA:6,(anonymous_5)
FNDA:2,(anonymous_6)
FNDA:0,(anonymous_7)
FNDA:2,(anonymous_8)
FNDA:2,(anonymous_9)
FNDA:6,(anonymous_10)
FNDA:6,(anonymous_11)
FNDA:3,(anonymous_12)
FNDA:87,(anonymous_13)
DA:1,1
DA:11,1
DA:13,1
DA:14,1
DA:15,1
DA:16,1
DA:18,1
DA:19,1
DA:20,1
DA:25,1
DA:40,1
DA:41,29
DA:42,42
DA:44,29
DA:50,29
DA:51,29
DA:52,29
DA:53,29
DA:54,29
DA:56,29
DA:57,18
DA:58,2
DA:59,2
DA:61,16
DA:63,6
DA:66,29
DA:68,29
DA:71,29
DA:72,2
DA:73,2
DA:74,2
DA:75,2
DA:76,2
DA:77,2
DA:80,29
DA:81,2
DA:82,2
DA:83,2
DA:87,29
DA:88,6
DA:91,29
DA:92,3
DA:95,29
DA:139,87
DA:175,1
LF:45
LH:45
BRDA:57,0,0,2
BRDA:61,1,0,13
BRDA:61,1,1,3
BRDA:73,2,0,0
BRDA:74,3,0,0
BRDA:75,4,0,0
BRDA:81,5,0,2
BRDA:156,6,0,7
BRDA:156,6,1,22
BRDA:156,7,0,29
BRDA:156,7,1,10
BRDA:156,7,2,8
BRF:12
BRH:9
end_of_record
TN:
SF:src\pages\home\TodoItem.tsx
FN:38,(anonymous_1)
FN:51,(anonymous_2)
FN:54,(anonymous_3)
FN:56,(anonymous_4)
FN:72,(anonymous_5)
FN:79,(anonymous_6)
FN:80,(anonymous_7)
FN:83,(anonymous_8)
FN:87,(anonymous_9)
FN:92,(anonymous_10)
FN:167,(anonymous_11)
FNF:11
FNH:10
FNDA:19,(anonymous_1)
FNDA:1,(anonymous_2)
FNDA:0,(anonymous_3)
FNDA:1,(anonymous_4)
FNDA:1,(anonymous_5)
FNDA:3,(anonymous_6)
FNDA:3,(anonymous_7)
FNDA:1,(anonymous_8)
FNDA:1,(anonymous_9)
FNDA:1,(anonymous_10)
FNDA:45,(anonymous_11)
DA:1,1
DA:12,1
DA:13,1
DA:14,1
DA:15,1
DA:17,1
DA:32,1
DA:38,1
DA:39,19
DA:41,19
DA:43,19
DA:49,19
DA:50,19
DA:51,19
DA:52,1
DA:54,19
DA:56,19
DA:58,1
DA:59,1
DA:60,0
DA:62,1
DA:63,0
DA:65,1
DA:66,0
DA:68,1
DA:69,1
DA:72,19
DA:73,1
DA:74,1
DA:75,1
DA:76,1
DA:79,19
DA:80,3
DA:83,19
DA:84,1
DA:87,19
DA:90,1
DA:91,1
DA:92,1
DA:93,1
DA:96,19
DA:168,45
DA:169,45
DA:225,1
LF:44
LH:41
BRDA:59,0,0,0
BRDA:62,1,0,0
BRDA:65,2,0,0
BRDA:74,3,0,0
BRDA:91,4,0,0
BRDA:115,5,0,4
BRDA:115,5,1,15
BRDA:140,6,0,4
BRDA:140,6,1,15
BRDA:188,7,0,4
BRDA:188,7,1,15
BRF:11
BRH:6
end_of_record
TN:
SF:src\pages\home\Todos.tsx
FN:10,(anonymous_1)
FN:38,(anonymous_2)
FNF:2
FNH:2
FNDA:15,(anonymous_1)
FNDA:15,(anonymous_2)
DA:1,1
DA:7,1
DA:8,1
DA:10,1
DA:27,15
DA:39,15
DA:45,1
LF:7
LH:7
BRF:0
BRH:0
end_of_record
TN:
SF:src\store\reducers.ts
FNF:0
FNH:0
DA:1,1
DA:3,1
DA:7,1
LF:3
LH:3
BRF:0
BRH:0
end_of_record
TN:
SF:src\store\store.ts
FNF:0
FNH:0
DA:1,1
DA:2,1
DA:4,1
DA:11,1
LF:4
LH:4
BRF:0
BRH:0
end_of_record
TN:
SF:src\store\slices\todoSlice.ts
FN:12,(anonymous_0)
FN:18,(anonymous_1)
FN:19,(anonymous_2)
FN:21,(anonymous_3)
FN:22,(anonymous_4)
FNF:5
FNH:5
FNDA:2,(anonymous_0)
FNDA:1,(anonymous_1)
FNDA:2,(anonymous_2)
FNDA:2,(anonymous_3)
FNDA:2,(anonymous_4)
DA:1,1
DA:4,1
DA:8,1
DA:13,2
DA:19,2
DA:22,2
DA:23,2
DA:29,1
DA:31,1
LF:9
LH:9
BRDA:23,0,0,2
BRDA:23,0,1,0
BRF:2
BRH:1
end_of_record
